  [1m[36m (18.1ms)[0m  [1mCREATE TABLE "schema_migrations" ("version" character varying(255) NOT NULL) [0m
  [1m[35m (97.3ms)[0m  CREATE UNIQUE INDEX  "unique_schema_migrations" ON "schema_migrations"  ("version")
  [1m[36mActiveRecord::SchemaMigration Load (0.4ms)[0m  [1mSELECT "schema_migrations".* FROM "schema_migrations"[0m
Migrating to CreateProfessores (20141012001537)
  [1m[35m (0.3ms)[0m  BEGIN
  [1m[36m (153.5ms)[0m  [1mCREATE TABLE "professores" ("id" serial primary key, "nome" character varying(255), "cpf" integer, "telefone" integer, "endereco" character varying(255), "created_at" timestamp, "updated_at" timestamp) [0m
  [1m[35mSQL (0.5ms)[0m  INSERT INTO "schema_migrations" ("version") VALUES ($1)  [["version", "20141012001537"]]
  [1m[36m (20.5ms)[0m  [1mCOMMIT[0m
  [1m[35mActiveRecord::SchemaMigration Load (0.5ms)[0m  SELECT "schema_migrations".* FROM "schema_migrations"
  [1m[36mActiveRecord::SchemaMigration Load (0.7ms)[0m  [1mSELECT "schema_migrations".* FROM "schema_migrations"[0m
Migrating to CreateTitulacoes (20141012022915)
  [1m[35m (0.4ms)[0m  BEGIN
  [1m[36m (125.0ms)[0m  [1mCREATE TABLE "titulacoes" ("id" serial primary key, "mestre" character varying(255), "pos_graduado" character varying(255), "doutor" character varying(255), "created_at" timestamp, "updated_at" timestamp) [0m
  [1m[35mSQL (0.4ms)[0m  INSERT INTO "schema_migrations" ("version") VALUES ($1)  [["version", "20141012022915"]]
  [1m[36m (18.7ms)[0m  [1mCOMMIT[0m
  [1m[35mActiveRecord::SchemaMigration Load (0.3ms)[0m  SELECT "schema_migrations".* FROM "schema_migrations"
  [1m[36mActiveRecord::SchemaMigration Load (0.6ms)[0m  [1mSELECT "schema_migrations".* FROM "schema_migrations"[0m
Migrating to CreateProfessorTitulacaoJoinTable (20141012024606)
  [1m[35m (0.3ms)[0m  BEGIN
  [1m[36m (2.4ms)[0m  [1mCREATE TABLE "professores_titulacoes" ("professor_id" integer, "titulacao_id" integer) [0m
  [1m[35mSQL (0.4ms)[0m  INSERT INTO "schema_migrations" ("version") VALUES ($1)  [["version", "20141012024606"]]
  [1m[36m (14.5ms)[0m  [1mCOMMIT[0m
  [1m[35mActiveRecord::SchemaMigration Load (0.4ms)[0m  SELECT "schema_migrations".* FROM "schema_migrations"
  [1m[36mActiveRecord::SchemaMigration Load (0.6ms)[0m  [1mSELECT "schema_migrations".* FROM "schema_migrations"[0m
Migrating to CreateTitulacoes (20141012030607)
  [1m[35m (0.3ms)[0m  BEGIN
  [1m[36m (34.2ms)[0m  [1mCREATE TABLE "titulacoes" ("id" serial primary key, "mestre" character varying(255), "posgraduado" character varying(255), "doutor" character varying(255), "created_at" timestamp, "updated_at" timestamp) [0m
PG::DuplicateTable: ERROR:  relation "titulacoes" already exists
: CREATE TABLE "titulacoes" ("id" serial primary key, "mestre" character varying(255), "posgraduado" character varying(255), "doutor" character varying(255), "created_at" timestamp, "updated_at" timestamp) 
  [1m[35m (0.2ms)[0m  ROLLBACK
  [1m[36mActiveRecord::SchemaMigration Load (0.6ms)[0m  [1mSELECT "schema_migrations".* FROM "schema_migrations"[0m
Migrating to CreateTitulacoes (20141012031316)
  [1m[35m (0.4ms)[0m  BEGIN
  [1m[36m (3.5ms)[0m  [1mCREATE TABLE "titulacoes" ("id" serial primary key, "mestre" character varying(255), "pos" character varying(255), "doutor" character varying(255), "created_at" timestamp, "updated_at" timestamp) [0m
PG::DuplicateTable: ERROR:  relation "titulacoes" already exists
: CREATE TABLE "titulacoes" ("id" serial primary key, "mestre" character varying(255), "pos" character varying(255), "doutor" character varying(255), "created_at" timestamp, "updated_at" timestamp) 
  [1m[35m (0.2ms)[0m  ROLLBACK
  [1m[36mActiveRecord::SchemaMigration Load (0.5ms)[0m  [1mSELECT "schema_migrations".* FROM "schema_migrations"[0m
Migrating to CreateTitulacoes (20141012031316)
  [1m[35m (0.2ms)[0m  BEGIN
  [1m[36m (117.4ms)[0m  [1mCREATE TABLE "titulacoes" ("id" serial primary key, "mestre" character varying(255), "pos" character varying(255), "doutor" character varying(255), "created_at" timestamp, "updated_at" timestamp) [0m
  [1m[35mSQL (0.3ms)[0m  INSERT INTO "schema_migrations" ("version") VALUES ($1)  [["version", "20141012031316"]]
  [1m[36m (11.7ms)[0m  [1mCOMMIT[0m
  [1m[35mActiveRecord::SchemaMigration Load (0.4ms)[0m  SELECT "schema_migrations".* FROM "schema_migrations"


Started GET "/professores" for 127.0.0.1 at 2014-10-12 00:34:02 -0300
  [1m[36mActiveRecord::SchemaMigration Load (0.5ms)[0m  [1mSELECT "schema_migrations".* FROM "schema_migrations"[0m
Processing by ProfessoresController#index as HTML
  [1m[35mProfessor Load (0.9ms)[0m  SELECT "professores".* FROM "professores"
  Rendered professores/index.html.haml within layouts/application (6.4ms)
Completed 200 OK in 758ms (Views: 747.2ms | ActiveRecord: 0.9ms)


Started GET "/assets/professores.css?body=1" for 127.0.0.1 at 2014-10-12 00:34:03 -0300


Started GET "/assets/titulacoes.css?body=1" for 127.0.0.1 at 2014-10-12 00:34:04 -0300


Started GET "/assets/application.css?body=1" for 127.0.0.1 at 2014-10-12 00:34:04 -0300


Started GET "/assets/professores.js?body=1" for 127.0.0.1 at 2014-10-12 00:34:04 -0300


Started GET "/assets/turbolinks.js?body=1" for 127.0.0.1 at 2014-10-12 00:34:04 -0300


Started GET "/assets/titulacoes.js?body=1" for 127.0.0.1 at 2014-10-12 00:34:04 -0300


Started GET "/assets/scaffolds.css?body=1" for 127.0.0.1 at 2014-10-12 00:34:04 -0300


Started GET "/assets/jquery_ujs.js?body=1" for 127.0.0.1 at 2014-10-12 00:34:04 -0300


Started GET "/assets/jquery.js?body=1" for 127.0.0.1 at 2014-10-12 00:34:04 -0300


Started GET "/assets/application.js?body=1" for 127.0.0.1 at 2014-10-12 00:34:04 -0300


Started GET "/professores/new" for 127.0.0.1 at 2014-10-12 00:34:10 -0300
Processing by ProfessoresController#new as HTML
  Rendered professores/_form.html.haml (341.7ms)
  Rendered professores/new.html.haml within layouts/application (348.5ms)
Completed 200 OK in 431ms (Views: 423.1ms | ActiveRecord: 3.6ms)


Started POST "/professores" for 127.0.0.1 at 2014-10-12 00:34:59 -0300
Processing by ProfessoresController#create as HTML
  Parameters: {"utf8"=>"✓", "authenticity_token"=>"XByp4XWBhfBypRTmYGJ8OkkkIyqCZg0TiedSKc8KvVw=", "professor"=>{"nome"=>"Luiz Gustavo", "cpf"=>"11111", "telefone"=>"22222", "endereco"=>"Rua"}, "commit"=>"Salvar"}
  [1m[36m (0.2ms)[0m  [1mBEGIN[0m
  [1m[35mSQL (0.8ms)[0m  INSERT INTO "professores" ("cpf", "created_at", "endereco", "nome", "telefone", "updated_at") VALUES ($1, $2, $3, $4, $5, $6) RETURNING "id"  [["cpf", 11111], ["created_at", "2014-10-12 03:34:59.494758"], ["endereco", "Rua"], ["nome", "Luiz Gustavo"], ["telefone", 22222], ["updated_at", "2014-10-12 03:34:59.494758"]]
  [1m[36m (74.0ms)[0m  [1mCOMMIT[0m
Redirected to http://localhost:3000/professores/1
Completed 302 Found in 89ms (ActiveRecord: 75.3ms)


Started GET "/professores/1" for 127.0.0.1 at 2014-10-12 00:34:59 -0300
Processing by ProfessoresController#show as HTML
  Parameters: {"id"=>"1"}
  [1m[35mProfessor Load (0.5ms)[0m  SELECT  "professores".* FROM "professores"  WHERE "professores"."id" = $1 LIMIT 1  [["id", 1]]
  Rendered professores/show.html.haml within layouts/application (3.4ms)
Completed 200 OK in 86ms (Views: 81.6ms | ActiveRecord: 0.5ms)


Started GET "/professores" for 127.0.0.1 at 2014-10-12 00:35:10 -0300
Processing by ProfessoresController#index as HTML
  [1m[36mProfessor Load (0.5ms)[0m  [1mSELECT "professores".* FROM "professores"[0m
  Rendered professores/index.html.haml within layouts/application (2.2ms)
Completed 200 OK in 76ms (Views: 73.9ms | ActiveRecord: 0.5ms)


Started GET "/professores/1" for 127.0.0.1 at 2014-10-12 00:35:13 -0300
Processing by ProfessoresController#show as HTML
  Parameters: {"id"=>"1"}
  [1m[35mProfessor Load (0.5ms)[0m  SELECT  "professores".* FROM "professores"  WHERE "professores"."id" = $1 LIMIT 1  [["id", 1]]
  Rendered professores/show.html.haml within layouts/application (1.0ms)
Completed 200 OK in 80ms (Views: 77.3ms | ActiveRecord: 0.5ms)


Started GET "/professores" for 127.0.0.1 at 2014-10-12 00:35:16 -0300
Processing by ProfessoresController#index as HTML
  [1m[36mProfessor Load (0.4ms)[0m  [1mSELECT "professores".* FROM "professores"[0m
  Rendered professores/index.html.haml within layouts/application (2.9ms)
Completed 200 OK in 163ms (Views: 161.3ms | ActiveRecord: 0.4ms)


Started GET "/titulacoes" for 127.0.0.1 at 2014-10-12 00:35:48 -0300
Processing by TitulacoesController#index as HTML
  [1m[35mTitulacao Load (0.6ms)[0m  SELECT "titulacoes".* FROM "titulacoes"
  Rendered titulacoes/index.html.haml within layouts/application (4.1ms)
Completed 200 OK in 84ms (Views: 81.9ms | ActiveRecord: 0.6ms)


Started GET "/titulacoes/new" for 127.0.0.1 at 2014-10-12 00:35:51 -0300
Processing by TitulacoesController#new as HTML
  Rendered titulacoes/_form.html.haml (8.7ms)
  Rendered titulacoes/new.html.haml within layouts/application (11.0ms)
Completed 200 OK in 102ms (Views: 96.5ms | ActiveRecord: 2.5ms)


Started POST "/titulacoes" for 127.0.0.1 at 2014-10-12 00:36:19 -0300
Processing by TitulacoesController#create as HTML
  Parameters: {"utf8"=>"✓", "authenticity_token"=>"XByp4XWBhfBypRTmYGJ8OkkkIyqCZg0TiedSKc8KvVw=", "titulacao"=>{"mestre"=>"sim", "pos"=>"não", "doutor"=>"sim"}, "commit"=>"Salvar"}
  [1m[36m (0.3ms)[0m  [1mBEGIN[0m
  [1m[35mSQL (0.6ms)[0m  INSERT INTO "titulacoes" ("created_at", "doutor", "mestre", "pos", "updated_at") VALUES ($1, $2, $3, $4, $5) RETURNING "id"  [["created_at", "2014-10-12 03:36:19.668831"], ["doutor", "sim"], ["mestre", "sim"], ["pos", "não"], ["updated_at", "2014-10-12 03:36:19.668831"]]
  [1m[36m (39.8ms)[0m  [1mCOMMIT[0m
Redirected to http://localhost:3000/titulacoes/1
Completed 302 Found in 53ms (ActiveRecord: 40.7ms)


Started GET "/titulacoes/1" for 127.0.0.1 at 2014-10-12 00:36:19 -0300
Processing by TitulacoesController#show as HTML
  Parameters: {"id"=>"1"}
  [1m[35mTitulacao Load (0.6ms)[0m  SELECT  "titulacoes".* FROM "titulacoes"  WHERE "titulacoes"."id" = $1 LIMIT 1  [["id", 1]]
  Rendered titulacoes/show.html.haml within layouts/application (2.5ms)
Completed 200 OK in 79ms (Views: 75.9ms | ActiveRecord: 0.6ms)
  [1m[36mActiveRecord::SchemaMigration Load (0.5ms)[0m  [1mSELECT "schema_migrations".* FROM "schema_migrations"[0m
Migrating to CreateProducaoCientificas (20141012042106)
  [1m[35m (0.2ms)[0m  BEGIN
  [1m[36m (113.1ms)[0m  [1mCREATE TABLE "producao_cientificas" ("id" serial primary key, "artigo" character varying(255), "monografia" character varying(255), "created_at" timestamp, "updated_at" timestamp) [0m
  [1m[35mSQL (0.4ms)[0m  INSERT INTO "schema_migrations" ("version") VALUES ($1)  [["version", "20141012042106"]]
  [1m[36m (14.8ms)[0m  [1mCOMMIT[0m
Migrating to CreateProfessorProducaoCientificaJoinTable (20141012044701)
  [1m[36mActiveRecord::SchemaMigration Load (0.5ms)[0m  [1mSELECT "schema_migrations".* FROM "schema_migrations"[0m
Migrating to CreateProfessorProducaoCientificaJoinTable (20141012044701)
  [1m[35m (0.3ms)[0m  BEGIN
  [1m[36m (1.5ms)[0m  [1mCREATE TABLE "professores_producao_cientificas" ("professor_id" integer, "producao_cientifica_id" integer) [0m
  [1m[35mSQL (0.4ms)[0m  INSERT INTO "schema_migrations" ("version") VALUES ($1)  [["version", "20141012044701"]]
  [1m[36m (33.0ms)[0m  [1mCOMMIT[0m
  [1m[35mActiveRecord::SchemaMigration Load (0.5ms)[0m  SELECT "schema_migrations".* FROM "schema_migrations"
  [1m[36mActiveRecord::SchemaMigration Load (0.5ms)[0m  [1mSELECT "schema_migrations".* FROM "schema_migrations"[0m
  [1m[35mActiveRecord::SchemaMigration Load (0.4ms)[0m  SELECT "schema_migrations".* FROM "schema_migrations"
  [1m[36m (15.8ms)[0m  [1mCREATE TABLE "schema_migrations" ("version" character varying(255) NOT NULL) [0m
  [1m[35m (63.8ms)[0m  CREATE UNIQUE INDEX  "unique_schema_migrations" ON "schema_migrations"  ("version")
  [1m[36mActiveRecord::SchemaMigration Load (0.6ms)[0m  [1mSELECT "schema_migrations".* FROM "schema_migrations"[0m
Migrating to CreateProfessores (20141012001537)
  [1m[35m (0.3ms)[0m  BEGIN
  [1m[36m (102.0ms)[0m  [1mCREATE TABLE "professores" ("id" serial primary key, "nome" character varying(255), "cpf" integer, "telefone" integer, "endereco" character varying(255), "created_at" timestamp, "updated_at" timestamp) [0m
  [1m[35mSQL (0.6ms)[0m  INSERT INTO "schema_migrations" ("version") VALUES ($1)  [["version", "20141012001537"]]
  [1m[36m (14.9ms)[0m  [1mCOMMIT[0m
Migrating to CreateProfessorTitulacaoJoinTable (20141012024606)
  [1m[35m (0.3ms)[0m  BEGIN
  [1m[36m (1.2ms)[0m  [1mCREATE TABLE "professores_titulacoes" ("professor_id" integer, "titulacao_id" integer) [0m
  [1m[35mSQL (0.3ms)[0m  INSERT INTO "schema_migrations" ("version") VALUES ($1)  [["version", "20141012024606"]]
  [1m[36m (5.0ms)[0m  [1mCOMMIT[0m
Migrating to CreateTitulacoes (20141012031316)
  [1m[35m (0.3ms)[0m  BEGIN
  [1m[36m (97.4ms)[0m  [1mCREATE TABLE "titulacoes" ("id" serial primary key, "mestre" character varying(255), "pos" character varying(255), "doutor" character varying(255), "created_at" timestamp, "updated_at" timestamp) [0m
  [1m[35mSQL (0.2ms)[0m  INSERT INTO "schema_migrations" ("version") VALUES ($1)  [["version", "20141012031316"]]
  [1m[36m (19.8ms)[0m  [1mCOMMIT[0m
Migrating to CreateProducaoCientificas (20141012042106)
  [1m[35m (0.4ms)[0m  BEGIN
  [1m[36m (86.9ms)[0m  [1mCREATE TABLE "producao_cientificas" ("id" serial primary key, "artigo" character varying(255), "monografia" character varying(255), "created_at" timestamp, "updated_at" timestamp) [0m
  [1m[35mSQL (0.4ms)[0m  INSERT INTO "schema_migrations" ("version") VALUES ($1)  [["version", "20141012042106"]]
  [1m[36m (18.2ms)[0m  [1mCOMMIT[0m
Migrating to CreateProfessorProducaoCientificaJoinTable (20141012044701)
  [1m[36mActiveRecord::SchemaMigration Load (0.7ms)[0m  [1mSELECT "schema_migrations".* FROM "schema_migrations"[0m
Migrating to CreateProducaoCientificaProfessorJoinTable (20141012050850)
  [1m[35m (0.4ms)[0m  BEGIN
  [1m[36mSQL (0.3ms)[0m  [1mINSERT INTO "schema_migrations" ("version") VALUES ($1)[0m  [["version", "20141012050850"]]
  [1m[35m (10.3ms)[0m  COMMIT
  [1m[36mActiveRecord::SchemaMigration Load (0.4ms)[0m  [1mSELECT "schema_migrations".* FROM "schema_migrations"[0m
  [1m[36mActiveRecord::SchemaMigration Load (0.7ms)[0m  [1mSELECT "schema_migrations".* FROM "schema_migrations"[0m
  [1m[35mActiveRecord::SchemaMigration Load (0.3ms)[0m  SELECT "schema_migrations".* FROM "schema_migrations"
  [1m[36m (12.5ms)[0m  [1mCREATE TABLE "schema_migrations" ("version" character varying(255) NOT NULL) [0m
  [1m[35m (86.1ms)[0m  CREATE UNIQUE INDEX  "unique_schema_migrations" ON "schema_migrations"  ("version")
  [1m[36mActiveRecord::SchemaMigration Load (0.6ms)[0m  [1mSELECT "schema_migrations".* FROM "schema_migrations"[0m
Migrating to CreateProfessores (20141012001537)
  [1m[35m (0.3ms)[0m  BEGIN
  [1m[36m (74.0ms)[0m  [1mCREATE TABLE "professores" ("id" serial primary key, "nome" character varying(255), "cpf" integer, "telefone" integer, "endereco" character varying(255), "created_at" timestamp, "updated_at" timestamp) [0m
  [1m[35mSQL (0.6ms)[0m  INSERT INTO "schema_migrations" ("version") VALUES ($1)  [["version", "20141012001537"]]
  [1m[36m (13.6ms)[0m  [1mCOMMIT[0m
Migrating to CreateProfessorTitulacaoJoinTable (20141012024606)
  [1m[35m (0.3ms)[0m  BEGIN
  [1m[36m (1.2ms)[0m  [1mCREATE TABLE "professores_titulacoes" ("professor_id" integer, "titulacao_id" integer) [0m
  [1m[35mSQL (0.4ms)[0m  INSERT INTO "schema_migrations" ("version") VALUES ($1)  [["version", "20141012024606"]]
  [1m[36m (4.6ms)[0m  [1mCOMMIT[0m
Migrating to CreateTitulacoes (20141012031316)
  [1m[35m (0.2ms)[0m  BEGIN
  [1m[36m (81.0ms)[0m  [1mCREATE TABLE "titulacoes" ("id" serial primary key, "mestre" character varying(255), "pos" character varying(255), "doutor" character varying(255), "created_at" timestamp, "updated_at" timestamp) [0m
  [1m[35mSQL (0.3ms)[0m  INSERT INTO "schema_migrations" ("version") VALUES ($1)  [["version", "20141012031316"]]
  [1m[36m (13.8ms)[0m  [1mCOMMIT[0m
Migrating to CreateProducaoCientificas (20141012042106)
  [1m[35m (0.3ms)[0m  BEGIN
  [1m[36m (81.1ms)[0m  [1mCREATE TABLE "producao_cientificas" ("id" serial primary key, "artigo" character varying(255), "monografia" character varying(255), "created_at" timestamp, "updated_at" timestamp) [0m
  [1m[35mSQL (0.3ms)[0m  INSERT INTO "schema_migrations" ("version") VALUES ($1)  [["version", "20141012042106"]]
  [1m[36m (12.8ms)[0m  [1mCOMMIT[0m
Migrating to CreateProducaoCientificaProfessorJoinTable (20141012050850)
  [1m[35m (0.2ms)[0m  BEGIN
  [1m[36m (0.7ms)[0m  [1mCREATE TABLE "producao_cientificas_professores" ("professor_id" integer, "producao_cientifica_id" integer) [0m
  [1m[35mSQL (0.2ms)[0m  INSERT INTO "schema_migrations" ("version") VALUES ($1)  [["version", "20141012050850"]]
  [1m[36m (6.6ms)[0m  [1mCOMMIT[0m
  [1m[35mActiveRecord::SchemaMigration Load (0.4ms)[0m  SELECT "schema_migrations".* FROM "schema_migrations"


Started GET "/" for 127.0.0.1 at 2014-10-12 02:30:58 -0300
  [1m[36mActiveRecord::SchemaMigration Load (0.8ms)[0m  [1mSELECT "schema_migrations".* FROM "schema_migrations"[0m
Processing by Rails::WelcomeController#index as HTML
  Rendered /home/diogo/.gem/repos/projetos/gems/railties-4.1.6/lib/rails/templates/rails/welcome/index.html.erb (2.8ms)
Completed 200 OK in 38ms (Views: 28.0ms | ActiveRecord: 0.0ms)
